<?xml version="1.0" encoding="UTF-8"?>
<!-- Generated by org.testng.reporters.JUnitReportReporter -->
<testsuite hostname="DESKTOP-S42T9A0" failures="0" tests="1" name="com.inetbanking.testCases.TC_LoginTest_001" time="2.598" errors="0" timestamp="03 Aug 2019 19:09:00 GMT" skipped="0">
  <testcase classname="com.inetbanking.testCases.TC_LoginTest_001" name="loginTest" time="2.598"/>
</testsuite> <!-- com.inetbanking.testCases.TC_LoginTest_001 -->
