<?xml version="1.0" encoding="UTF-8"?>
<!-- Generated by org.testng.reporters.JUnitReportReporter -->
<testsuite hostname="DESKTOP-S42T9A0" failures="0" tests="1" name="com.inetbanking.testCases.TC_AddCustomerTest_003" time="13.400" errors="0" timestamp="03 Aug 2019 19:09:00 GMT" skipped="0">
  <testcase classname="com.inetbanking.testCases.TC_AddCustomerTest_003" name="addNewCustomer" time="13.400"/>
</testsuite> <!-- com.inetbanking.testCases.TC_AddCustomerTest_003 -->
